# JRE version: OpenJDK Runtime Environment (11.0.10) (build 11.0.10+0-b96-7249189)
# Java VM: OpenJDK 64-Bit Server VM (11.0.10+0-b96-7249189, mixed mode, tiered, compressed oops, g1 gc, windows-amd64)
Heap:
 garbage-first heap   total 129024K, used 39722K [0x00000000a0000000, 0x0000000100000000)
  region size 1024K, 10 young (10240K), 3 survivors (3072K)
 Metaspace       used 36153K, capacity 36864K, committed 36992K, reserved 1081344K
  class space    used 4528K, capacity 4769K, committed 4864K, reserved 1048576K
GC Heap History (10 events):
Event: 0.782 GC heap before
{Heap before GC invocations=0 (full 0):
 garbage-first heap   total 129024K, used 29696K [0x00000000a0000000, 0x0000000100000000)
  region size 1024K, 24 young (24576K), 0 survivors (0K)
 Metaspace       used 10769K, capacity 11050K, committed 11264K, reserved 1058816K
  class space    used 1137K, capacity 1194K, committed 1280K, reserved 1048576K
}
Event: 0.786 GC heap after
{Heap after GC invocations=1 (full 0):
 garbage-first heap   total 129024K, used 8702K [0x00000000a0000000, 0x0000000100000000)
  region size 1024K, 3 young (3072K), 3 survivors (3072K)
 Metaspace       used 10769K, capacity 11050K, committed 11264K, reserved 1058816K
  class space    used 1137K, capacity 1194K, committed 1280K, reserved 1048576K
}
Event: 3.996 GC heap before
{Heap before GC invocations=1 (full 0):
 garbage-first heap   total 129024K, used 81406K [0x00000000a0000000, 0x0000000100000000)
  region size 1024K, 75 young (76800K), 3 survivors (3072K)
 Metaspace       used 19817K, capacity 20319K, committed 20608K, reserved 1067008K
  class space    used 2446K, capacity 2585K, committed 2688K, reserved 1048576K
}
Event: 4.001 GC heap after
{Heap after GC invocations=2 (full 0):
 garbage-first heap   total 129024K, used 15839K [0x00000000a0000000, 0x0000000100000000)
  region size 1024K, 10 young (10240K), 10 survivors (10240K)
 Metaspace       used 19817K, capacity 20319K, committed 20608K, reserved 1067008K
  class space    used 2446K, capacity 2585K, committed 2688K, reserved 1048576K
}
Event: 4.141 GC heap before
{Heap before GC invocations=2 (full 0):
 garbage-first heap   total 129024K, used 21983K [0x00000000a0000000, 0x0000000100000000)
  region size 1024K, 17 young (17408K), 10 survivors (10240K)
 Metaspace       used 20630K, capacity 21125K, committed 21248K, reserved 1067008K
  class space    used 2585K, capacity 2731K, committed 2816K, reserved 1048576K
}
Event: 4.147 GC heap after
{Heap after GC invocations=3 (full 0):
 garbage-first heap   total 129024K, used 16019K [0x00000000a0000000, 0x0000000100000000)
  region size 1024K, 1 young (1024K), 1 survivors (1024K)
 Metaspace       used 20630K, capacity 21125K, committed 21248K, reserved 1067008K
  class space    used 2585K, capacity 2731K, committed 2816K, reserved 1048576K
}
Event: 4.941 GC heap before
{Heap before GC invocations=4 (full 0):
 garbage-first heap   total 129024K, used 71315K [0x00000000a0000000, 0x0000000100000000)
  region size 1024K, 46 young (47104K), 1 survivors (1024K)
 Metaspace       used 29317K, capacity 29845K, committed 30080K, reserved 1075200K
  class space    used 3718K, capacity 3943K, committed 3968K, reserved 1048576K
}
Event: 4.944 GC heap after
{Heap after GC invocations=5 (full 0):
 garbage-first heap   total 129024K, used 30674K [0x00000000a0000000, 0x0000000100000000)
  region size 1024K, 5 young (5120K), 5 survivors (5120K)
 Metaspace       used 29317K, capacity 29845K, committed 30080K, reserved 1075200K
  class space    used 3718K, capacity 3943K, committed 3968K, reserved 1048576K
}
Event: 5.836 GC heap before
{Heap before GC invocations=5 (full 0):
 garbage-first heap   total 129024K, used 72658K [0x00000000a0000000, 0x0000000100000000)
  region size 1024K, 45 young (46080K), 5 survivors (5120K)
 Metaspace       used 35110K, capacity 35722K, committed 35840K, reserved 1081344K
  class space    used 4426K, capacity 4640K, committed 4736K, reserved 1048576K
}
Event: 5.843 GC heap after
{Heap after GC invocations=6 (full 0):
 garbage-first heap   total 129024K, used 33578K [0x00000000a0000000, 0x0000000100000000)
  region size 1024K, 3 young (3072K), 3 survivors (3072K)
 Metaspace       used 35110K, capacity 35722K, committed 35840K, reserved 1081344K
  class space    used 4426K, capacity 4640K, committed 4736K, reserved 1048576K
}

